# JRE version: 7.0_09-b05
# Java VM: Java HotSpot(TM) 64-Bit Server VM (23.5-b02 mixed mode windows-amd64 compressed oops)
Heap
 PSYoungGen      total 259968K, used 1312K [0x00000000eaab0000, 0x00000000fbe30000, 0x0000000100000000)
  eden space 241792K, 0% used [0x00000000eaab0000,0x00000000eaab0000,0x00000000f96d0000)
  from space 18176K, 7% used [0x00000000fac70000,0x00000000fadb8030,0x00000000fbe30000)
  to   space 20160K, 0% used [0x00000000f96d0000,0x00000000f96d0000,0x00000000faa80000)
 ParOldGen       total 349568K, used 166104K [0x00000000c0000000, 0x00000000d5560000, 0x00000000eaab0000)
  object space 349568K, 47% used [0x00000000c0000000,0x00000000ca2362d0,0x00000000d5560000)
 PSPermGen       total 262144K, used 125836K [0x00000000a0000000, 0x00000000b0000000, 0x00000000c0000000)
  object space 262144K, 48% used [0x00000000a0000000,0x00000000a7ae3148,0x00000000b0000000)
GC Heap History (10 events):
Event: 353.841 GC heap after
Heap after GC invocations=87 (full 14):
 PSYoungGen      total 259200K, used 640K [0x00000000eaab0000, 0x00000000fd6c0000, 0x0000000100000000)
  eden space 258560K, 0% used [0x00000000eaab0000,0x00000000eaab0000,0x00000000fa730000)
  from space 640K, 100% used [0x00000000fbb10000,0x00000000fbbb0000,0x00000000fbbb0000)
  to   space 22528K, 0% used [0x00000000fc0c0000,0x00000000fc0c0000,0x00000000fd6c0000)
 ParOldGen       total 349568K, used 168858K [0x00000000c0000000, 0x00000000d5560000, 0x00000000eaab0000)
  object space 349568K, 48% used [0x00000000c0000000,0x00000000ca4e6b08,0x00000000d5560000)
 PSPermGen       total 262144K, used 125075K [0x00000000a0000000, 0x00000000b0000000, 0x00000000c0000000)
  object space 262144K, 47% used [0x00000000a0000000,0x00000000a7a24e88,0x00000000b0000000)
}
Event: 353.841 GC heap before
{Heap before GC invocations=88 (full 15):
 PSYoungGen      total 259200K, used 640K [0x00000000eaab0000, 0x00000000fd6c0000, 0x0000000100000000)
  eden space 258560K, 0% used [0x00000000eaab0000,0x00000000eaab0000,0x00000000fa730000)
  from space 640K, 100% used [0x00000000fbb10000,0x00000000fbbb0000,0x00000000fbbb0000)
  to   space 22528K, 0% used [0x00000000fc0c0000,0x00000000fc0c0000,0x00000000fd6c0000)
 ParOldGen       total 349568K, used 168858K [0x00000000c0000000, 0x00000000d5560000, 0x00000000eaab0000)
  object space 349568K, 48% used [0x00000000c0000000,0x00000000ca4e6b08,0x00000000d5560000)
 PSPermGen       total 262144K, used 125075K [0x00000000a0000000, 0x00000000b0000000, 0x00000000c0000000)
  object space 262144K, 47% used [0x00000000a0000000,0x00000000a7a24e88,0x00000000b0000000)
Event: 354.371 GC heap after
Heap after GC invocations=88 (full 15):
 PSYoungGen      total 259200K, used 0K [0x00000000eaab0000, 0x00000000fd6c0000, 0x0000000100000000)
  eden space 258560K, 0% used [0x00000000eaab0000,0x00000000eaab0000,0x00000000fa730000)
  from space 640K, 0% used [0x00000000fbb10000,0x00000000fbb10000,0x00000000fbbb0000)
  to   space 22528K, 0% used [0x00000000fc0c0000,0x00000000fc0c0000,0x00000000fd6c0000)
 ParOldGen       total 349568K, used 163640K [0x00000000c0000000, 0x00000000d5560000, 0x00000000eaab0000)
  object space 349568K, 46% used [0x00000000c0000000,0x00000000c9fce1f0,0x00000000d5560000)
 PSPermGen       total 262144K, used 125074K [0x00000000a0000000, 0x00000000b0000000, 0x00000000c0000000)
  object space 262144K, 47% used [0x00000000a0000000,0x00000000a7a24988,0x00000000b0000000)
}
Event: 391.241 GC heap before
{Heap before GC invocations=89 (full 15):
 PSYoungGen      total 259200K, used 258560K [0x00000000eaab0000, 0x00000000fd6c0000, 0x0000000100000000)
  eden space 258560K, 100% used [0x00000000eaab0000,0x00000000fa730000,0x00000000fa730000)
  from space 640K, 0% used [0x00000000fbb10000,0x00000000fbb10000,0x00000000fbbb0000)
  to   space 22528K, 0% used [0x00000000fc0c0000,0x00000000fc0c0000,0x00000000fd6c0000)
 ParOldGen       total 349568K, used 163640K [0x00000000c0000000, 0x00000000d5560000, 0x00000000eaab0000)
  object space 349568K, 46% used [0x00000000c0000000,0x00000000c9fce1f0,0x00000000d5560000)
 PSPermGen       total 262144K, used 125087K [0x00000000a0000000, 0x00000000b0000000, 0x00000000c0000000)
  object space 262144K, 47% used [0x00000000a0000000,0x00000000a7a27f58,0x00000000b0000000)
Event: 391.250 GC heap after
Heap after GC invocations=89 (full 15):
 PSYoungGen      total 258624K, used 2408K [0x00000000eaab0000, 0x00000000fc930000, 0x0000000100000000)
  eden space 249984K, 0% used [0x00000000eaab0000,0x00000000eaab0000,0x00000000f9ed0000)
  from space 8640K, 27% used [0x00000000fc0c0000,0x00000000fc31a0c0,0x00000000fc930000)
  to   space 21696K, 0% used [0x00000000f9ed0000,0x00000000f9ed0000,0x00000000fb400000)
 ParOldGen       total 349568K, used 163640K [0x00000000c0000000, 0x00000000d5560000, 0x00000000eaab0000)
  object space 349568K, 46% used [0x00000000c0000000,0x00000000c9fce1f0,0x00000000d5560000)
 PSPermGen       total 262144K, used 125087K [0x00000000a0000000, 0x00000000b0000000, 0x00000000c0000000)
  object space 262144K, 47% used [0x00000000a0000000,0x00000000a7a27f58,0x00000000b0000000)
}
Event: 432.904 GC heap before
{Heap before GC invocations=90 (full 15):
 PSYoungGen      total 258624K, used 252392K [0x00000000eaab0000, 0x00000000fc930000, 0x0000000100000000)
  eden space 249984K, 100% used [0x00000000eaab0000,0x00000000f9ed0000,0x00000000f9ed0000)
  from space 8640K, 27% used [0x00000000fc0c0000,0x00000000fc31a0c0,0x00000000fc930000)
  to   space 21696K, 0% used [0x00000000f9ed0000,0x00000000f9ed0000,0x00000000fb400000)
 ParOldGen       total 349568K, used 163640K [0x00000000c0000000, 0x00000000d5560000, 0x00000000eaab0000)
  object space 349568K, 46% used [0x00000000c0000000,0x00000000c9fce1f0,0x00000000d5560000)
 PSPermGen       total 262144K, used 125185K [0x00000000a0000000, 0x00000000b0000000, 0x00000000c0000000)
  object space 262144K, 47% used [0x00000000a0000000,0x00000000a7a404a0,0x00000000b0000000)
Event: 432.927 GC heap after
Heap after GC invocations=90 (full 15):
 PSYoungGen      total 243840K, used 2047K [0x00000000eaab0000, 0x00000000fc0d0000, 0x0000000100000000)
  eden space 241792K, 0% used [0x00000000eaab0000,0x00000000eaab0000,0x00000000f96d0000)
  from space 2048K, 99% used [0x00000000f9ed0000,0x00000000fa0cfd10,0x00000000fa0d0000)
  to   space 20864K, 0% used [0x00000000fac70000,0x00000000fac70000,0x00000000fc0d0000)
 ParOldGen       total 349568K, used 164272K [0x00000000c0000000, 0x00000000d5560000, 0x00000000eaab0000)
  object space 349568K, 46% used [0x00000000c0000000,0x00000000ca06c1f0,0x00000000d5560000)
 PSPermGen       total 262144K, used 125185K [0x00000000a0000000, 0x00000000b0000000, 0x00000000c0000000)
  object space 262144K, 47% used [0x00000000a0000000,0x00000000a7a404a0,0x00000000b0000000)
}
Event: 435.121 GC heap before
{Heap before GC invocations=91 (full 15):
 PSYoungGen      total 243840K, used 36108K [0x00000000eaab0000, 0x00000000fc0d0000, 0x0000000100000000)
  eden space 241792K, 14% used [0x00000000eaab0000,0x00000000ecbf3470,0x00000000f96d0000)
  from space 2048K, 99% used [0x00000000f9ed0000,0x00000000fa0cfd10,0x00000000fa0d0000)
  to   space 20864K, 0% used [0x00000000fac70000,0x00000000fac70000,0x00000000fc0d0000)
 ParOldGen       total 349568K, used 164272K [0x00000000c0000000, 0x00000000d5560000, 0x00000000eaab0000)
  object space 349568K, 46% used [0x00000000c0000000,0x00000000ca06c1f0,0x00000000d5560000)
 PSPermGen       total 262144K, used 125836K [0x00000000a0000000, 0x00000000b0000000, 0x00000000c0000000)
  object space 262144K, 48% used [0x00000000a0000000,0x00000000a7ae3148,0x00000000b0000000)
Event: 435.150 GC heap after
Heap after GC invocations=91 (full 15):
 PSYoungGen      total 259968K, used 1312K [0x00000000eaab0000, 0x00000000fbe30000, 0x0000000100000000)
  eden space 241792K, 0% used [0x00000000eaab0000,0x00000000eaab0000,0x00000000f96d0000)
  from space 18176K, 7% used [0x00000000fac70000,0x00000000fadb8030,0x00000000fbe30000)
  to   space 20160K, 0% used [0x00000000f96d0000,0x00000000f96d0000,0x00000000faa80000)
 ParOldGen       total 349568K, used 166104K [0x00000000c0000000, 0x00000000d5560000, 0x00000000eaab0000)
  object space 349568K, 47% used [0x00000000c0000000,0x00000000ca2362d0,0x00000000d5560000)
 PSPermGen       total 262144K, used 125836K [0x00000000a0000000, 0x00000000b0000000, 0x00000000c0000000)
  object space 262144K, 48% used [0x00000000a0000000,0x00000000a7ae3148,0x00000000b0000000)
}
Event: 435.150 GC heap before
{Heap before GC invocations=92 (full 16):
 PSYoungGen      total 259968K, used 1312K [0x00000000eaab0000, 0x00000000fbe30000, 0x0000000100000000)
  eden space 241792K, 0% used [0x00000000eaab0000,0x00000000eaab0000,0x00000000f96d0000)
  from space 18176K, 7% used [0x00000000fac70000,0x00000000fadb8030,0x00000000fbe30000)
  to   space 20160K, 0% used [0x00000000f96d0000,0x00000000f96d0000,0x00000000faa80000)
 ParOldGen       total 349568K, used 166104K [0x00000000c0000000, 0x00000000d5560000, 0x00000000eaab0000)
  object space 349568K, 47% used [0x00000000c0000000,0x00000000ca2362d0,0x00000000d5560000)
 PSPermGen       total 262144K, used 125836K [0x00000000a0000000, 0x00000000b0000000, 0x00000000c0000000)
  object space 262144K, 48% used [0x00000000a0000000,0x00000000a7ae3148,0x00000000b0000000)

