# JRE version: 7.0_09-b05
# Java VM: Java HotSpot(TM) 64-Bit Server VM (23.5-b02 mixed mode windows-amd64 compressed oops)
Heap
 PSYoungGen      total 50752K, used 32K [0x00000000f5560000, 0x00000000fad40000, 0x0000000100000000)
  eden space 50688K, 0% used [0x00000000f5560000,0x00000000f5560000,0x00000000f86e0000)
  from space 64K, 50% used [0x00000000f86e0000,0x00000000f86e8000,0x00000000f86f0000)
  to   space 19648K, 0% used [0x00000000f9a10000,0x00000000f9a10000,0x00000000fad40000)
 ParOldGen       total 92864K, used 49559K [0x00000000e0000000, 0x00000000e5ab0000, 0x00000000f5560000)
  object space 92864K, 53% used [0x00000000e0000000,0x00000000e3065d70,0x00000000e5ab0000)
 PSPermGen       total 129792K, used 108325K [0x00000000d0000000, 0x00000000d7ec0000, 0x00000000e0000000)
  object space 129792K, 83% used [0x00000000d0000000,0x00000000d69c94b8,0x00000000d7ec0000)
GC Heap History (10 events):
Event: 4017.144 GC heap after
Heap after GC invocations=74 (full 13):
 PSYoungGen      total 50752K, used 32K [0x00000000f5560000, 0x00000000fb240000, 0x0000000100000000)
  eden space 50688K, 0% used [0x00000000f5560000,0x00000000f5560000,0x00000000f86e0000)
  from space 64K, 50% used [0x00000000f86e0000,0x00000000f86e8000,0x00000000f86f0000)
  to   space 22208K, 0% used [0x00000000f9c90000,0x00000000f9c90000,0x00000000fb240000)
 ParOldGen       total 92864K, used 49684K [0x00000000e0000000, 0x00000000e5ab0000, 0x00000000f5560000)
  object space 92864K, 53% used [0x00000000e0000000,0x00000000e3085090,0x00000000e5ab0000)
 PSPermGen       total 136704K, used 108325K [0x00000000d0000000, 0x00000000d8580000, 0x00000000e0000000)
  object space 136704K, 79% used [0x00000000d0000000,0x00000000d69c94b8,0x00000000d8580000)
}
Event: 4017.144 GC heap before
{Heap before GC invocations=75 (full 14):
 PSYoungGen      total 50752K, used 32K [0x00000000f5560000, 0x00000000fb240000, 0x0000000100000000)
  eden space 50688K, 0% used [0x00000000f5560000,0x00000000f5560000,0x00000000f86e0000)
  from space 64K, 50% used [0x00000000f86e0000,0x00000000f86e8000,0x00000000f86f0000)
  to   space 22208K, 0% used [0x00000000f9c90000,0x00000000f9c90000,0x00000000fb240000)
 ParOldGen       total 92864K, used 49684K [0x00000000e0000000, 0x00000000e5ab0000, 0x00000000f5560000)
  object space 92864K, 53% used [0x00000000e0000000,0x00000000e3085090,0x00000000e5ab0000)
 PSPermGen       total 136704K, used 108325K [0x00000000d0000000, 0x00000000d8580000, 0x00000000e0000000)
  object space 136704K, 79% used [0x00000000d0000000,0x00000000d69c94b8,0x00000000d8580000)
Event: 4017.372 GC heap after
Heap after GC invocations=75 (full 14):
 PSYoungGen      total 50752K, used 0K [0x00000000f5560000, 0x00000000fb240000, 0x0000000100000000)
  eden space 50688K, 0% used [0x00000000f5560000,0x00000000f5560000,0x00000000f86e0000)
  from space 64K, 0% used [0x00000000f86e0000,0x00000000f86e0000,0x00000000f86f0000)
  to   space 22208K, 0% used [0x00000000f9c90000,0x00000000f9c90000,0x00000000fb240000)
 ParOldGen       total 92864K, used 49559K [0x00000000e0000000, 0x00000000e5ab0000, 0x00000000f5560000)
  object space 92864K, 53% used [0x00000000e0000000,0x00000000e3065d70,0x00000000e5ab0000)
 PSPermGen       total 132992K, used 108325K [0x00000000d0000000, 0x00000000d81e0000, 0x00000000e0000000)
  object space 132992K, 81% used [0x00000000d0000000,0x00000000d69c94b8,0x00000000d81e0000)
}
Event: 4077.151 GC heap before
{Heap before GC invocations=76 (full 14):
 PSYoungGen      total 50752K, used 960K [0x00000000f5560000, 0x00000000fb240000, 0x0000000100000000)
  eden space 50688K, 1% used [0x00000000f5560000,0x00000000f56503e8,0x00000000f86e0000)
  from space 64K, 0% used [0x00000000f86e0000,0x00000000f86e0000,0x00000000f86f0000)
  to   space 22208K, 0% used [0x00000000f9c90000,0x00000000f9c90000,0x00000000fb240000)
 ParOldGen       total 92864K, used 49559K [0x00000000e0000000, 0x00000000e5ab0000, 0x00000000f5560000)
  object space 92864K, 53% used [0x00000000e0000000,0x00000000e3065d70,0x00000000e5ab0000)
 PSPermGen       total 132992K, used 108325K [0x00000000d0000000, 0x00000000d81e0000, 0x00000000e0000000)
  object space 132992K, 81% used [0x00000000d0000000,0x00000000d69c94b8,0x00000000d81e0000)
Event: 4077.183 GC heap after
Heap after GC invocations=76 (full 14):
 PSYoungGen      total 70208K, used 32K [0x00000000f5560000, 0x00000000fafa0000, 0x0000000100000000)
  eden space 50688K, 0% used [0x00000000f5560000,0x00000000f5560000,0x00000000f86e0000)
  from space 19520K, 0% used [0x00000000f9c90000,0x00000000f9c98000,0x00000000fafa0000)
  to   space 20864K, 0% used [0x00000000f86e0000,0x00000000f86e0000,0x00000000f9b40000)
 ParOldGen       total 92864K, used 49559K [0x00000000e0000000, 0x00000000e5ab0000, 0x00000000f5560000)
  object space 92864K, 53% used [0x00000000e0000000,0x00000000e3065d70,0x00000000e5ab0000)
 PSPermGen       total 132992K, used 108325K [0x00000000d0000000, 0x00000000d81e0000, 0x00000000e0000000)
  object space 132992K, 81% used [0x00000000d0000000,0x00000000d69c94b8,0x00000000d81e0000)
}
Event: 4077.183 GC heap before
{Heap before GC invocations=77 (full 15):
 PSYoungGen      total 70208K, used 32K [0x00000000f5560000, 0x00000000fafa0000, 0x0000000100000000)
  eden space 50688K, 0% used [0x00000000f5560000,0x00000000f5560000,0x00000000f86e0000)
  from space 19520K, 0% used [0x00000000f9c90000,0x00000000f9c98000,0x00000000fafa0000)
  to   space 20864K, 0% used [0x00000000f86e0000,0x00000000f86e0000,0x00000000f9b40000)
 ParOldGen       total 92864K, used 49559K [0x00000000e0000000, 0x00000000e5ab0000, 0x00000000f5560000)
  object space 92864K, 53% used [0x00000000e0000000,0x00000000e3065d70,0x00000000e5ab0000)
 PSPermGen       total 132992K, used 108325K [0x00000000d0000000, 0x00000000d81e0000, 0x00000000e0000000)
  object space 132992K, 81% used [0x00000000d0000000,0x00000000d69c94b8,0x00000000d81e0000)
Event: 4077.444 GC heap after
Heap after GC invocations=77 (full 15):
 PSYoungGen      total 70208K, used 0K [0x00000000f5560000, 0x00000000fafa0000, 0x0000000100000000)
  eden space 50688K, 0% used [0x00000000f5560000,0x00000000f5560000,0x00000000f86e0000)
  from space 19520K, 0% used [0x00000000f9c90000,0x00000000f9c90000,0x00000000fafa0000)
  to   space 20864K, 0% used [0x00000000f86e0000,0x00000000f86e0000,0x00000000f9b40000)
 ParOldGen       total 92864K, used 49559K [0x00000000e0000000, 0x00000000e5ab0000, 0x00000000f5560000)
  object space 92864K, 53% used [0x00000000e0000000,0x00000000e3065d70,0x00000000e5ab0000)
 PSPermGen       total 129792K, used 108325K [0x00000000d0000000, 0x00000000d7ec0000, 0x00000000e0000000)
  object space 129792K, 83% used [0x00000000d0000000,0x00000000d69c94b8,0x00000000d7ec0000)
}
Event: 4137.162 GC heap before
{Heap before GC invocations=78 (full 15):
 PSYoungGen      total 70208K, used 960K [0x00000000f5560000, 0x00000000fafa0000, 0x0000000100000000)
  eden space 50688K, 1% used [0x00000000f5560000,0x00000000f5650330,0x00000000f86e0000)
  from space 19520K, 0% used [0x00000000f9c90000,0x00000000f9c90000,0x00000000fafa0000)
  to   space 20864K, 0% used [0x00000000f86e0000,0x00000000f86e0000,0x00000000f9b40000)
 ParOldGen       total 92864K, used 49559K [0x00000000e0000000, 0x00000000e5ab0000, 0x00000000f5560000)
  object space 92864K, 53% used [0x00000000e0000000,0x00000000e3065d70,0x00000000e5ab0000)
 PSPermGen       total 129792K, used 108325K [0x00000000d0000000, 0x00000000d7ec0000, 0x00000000e0000000)
  object space 129792K, 83% used [0x00000000d0000000,0x00000000d69c94b8,0x00000000d7ec0000)
Event: 4137.181 GC heap after
Heap after GC invocations=78 (full 15):
 PSYoungGen      total 50752K, used 32K [0x00000000f5560000, 0x00000000fad40000, 0x0000000100000000)
  eden space 50688K, 0% used [0x00000000f5560000,0x00000000f5560000,0x00000000f86e0000)
  from space 64K, 50% used [0x00000000f86e0000,0x00000000f86e8000,0x00000000f86f0000)
  to   space 19648K, 0% used [0x00000000f9a10000,0x00000000f9a10000,0x00000000fad40000)
 ParOldGen       total 92864K, used 49559K [0x00000000e0000000, 0x00000000e5ab0000, 0x00000000f5560000)
  object space 92864K, 53% used [0x00000000e0000000,0x00000000e3065d70,0x00000000e5ab0000)
 PSPermGen       total 129792K, used 108325K [0x00000000d0000000, 0x00000000d7ec0000, 0x00000000e0000000)
  object space 129792K, 83% used [0x00000000d0000000,0x00000000d69c94b8,0x00000000d7ec0000)
}
Event: 4137.181 GC heap before
{Heap before GC invocations=79 (full 16):
 PSYoungGen      total 50752K, used 32K [0x00000000f5560000, 0x00000000fad40000, 0x0000000100000000)
  eden space 50688K, 0% used [0x00000000f5560000,0x00000000f5560000,0x00000000f86e0000)
  from space 64K, 50% used [0x00000000f86e0000,0x00000000f86e8000,0x00000000f86f0000)
  to   space 19648K, 0% used [0x00000000f9a10000,0x00000000f9a10000,0x00000000fad40000)
 ParOldGen       total 92864K, used 49559K [0x00000000e0000000, 0x00000000e5ab0000, 0x00000000f5560000)
  object space 92864K, 53% used [0x00000000e0000000,0x00000000e3065d70,0x00000000e5ab0000)
 PSPermGen       total 129792K, used 108325K [0x00000000d0000000, 0x00000000d7ec0000, 0x00000000e0000000)
  object space 129792K, 83% used [0x00000000d0000000,0x00000000d69c94b8,0x00000000d7ec0000)

